<?xml version="1.0" encoding="UTF-8"?>
<testng-results ignored="0" total="1" passed="1" failed="0" skipped="0">
  <reporter-output>
  </reporter-output>
  <suite started-at="2024-06-03T15:57:05 IST" name="Default suite" finished-at="2024-06-03T15:57:30 IST" duration-ms="24922">
    <groups>
    </groups>
    <test started-at="2024-06-03T15:57:05 IST" name="Default test" finished-at="2024-06-03T15:57:30 IST" duration-ms="24922">
      <class name="Com.nopecommerce.Registration.RegistaringAnUSer">
        <test-method is-config="true" signature="ConnetingTodataBase()[pri:0, instance:Com.nopecommerce.Registration.RegistaringAnUSer@7db12bb6]" started-at="2024-06-03T15:57:05 IST" name="ConnetingTodataBase" finished-at="2024-06-03T15:57:05 IST" duration-ms="641" status="PASS">
          <reporter-output>
          </reporter-output>
        </test-method> <!-- ConnetingTodataBase -->
        <test-method is-config="true" signature="openingbrowser()[pri:0, instance:Com.nopecommerce.Registration.RegistaringAnUSer@7db12bb6]" started-at="2024-06-03T15:57:05 IST" name="openingbrowser" finished-at="2024-06-03T15:57:22 IST" duration-ms="16271" status="PASS">
          <reporter-output>
          </reporter-output>
        </test-method> <!-- openingbrowser -->
        <test-method is-config="true" signature="loggingIntoApplication()[pri:0, instance:Com.nopecommerce.Registration.RegistaringAnUSer@7db12bb6]" started-at="2024-06-03T15:57:22 IST" name="loggingIntoApplication" finished-at="2024-06-03T15:57:24 IST" duration-ms="2417" status="PASS">
          <reporter-output>
          </reporter-output>
        </test-method> <!-- loggingIntoApplication -->
        <test-method signature="regusteringAuser()[pri:0, instance:Com.nopecommerce.Registration.RegistaringAnUSer@7db12bb6]" started-at="2024-06-03T15:57:24 IST" name="regusteringAuser" finished-at="2024-06-03T15:57:28 IST" duration-ms="3945" status="PASS">
          <reporter-output>
          </reporter-output>
        </test-method> <!-- regusteringAuser -->
        <test-method is-config="true" signature="LoggingOutFromApp()[pri:0, instance:Com.nopecommerce.Registration.RegistaringAnUSer@7db12bb6]" started-at="2024-06-03T15:57:28 IST" name="LoggingOutFromApp" finished-at="2024-06-03T15:57:29 IST" duration-ms="1062" status="PASS">
          <reporter-output>
          </reporter-output>
        </test-method> <!-- LoggingOutFromApp -->
        <test-method is-config="true" signature="closingThebrowser()[pri:0, instance:Com.nopecommerce.Registration.RegistaringAnUSer@7db12bb6]" started-at="2024-06-03T15:57:29 IST" name="closingThebrowser" finished-at="2024-06-03T15:57:30 IST" duration-ms="1176" status="PASS">
          <reporter-output>
          </reporter-output>
        </test-method> <!-- closingThebrowser -->
        <test-method is-config="true" signature="closingTheDataBaseConnections()[pri:0, instance:Com.nopecommerce.Registration.RegistaringAnUSer@7db12bb6]" started-at="2024-06-03T15:57:30 IST" name="closingTheDataBaseConnections" finished-at="2024-06-03T15:57:30 IST" duration-ms="5" status="PASS">
          <reporter-output>
          </reporter-output>
        </test-method> <!-- closingTheDataBaseConnections -->
      </class> <!-- Com.nopecommerce.Registration.RegistaringAnUSer -->
    </test> <!-- Default test -->
  </suite> <!-- Default suite -->
</testng-results>
